<?xml version="1.0" encoding="UTF-8"?>
<testsuite name="TaskTest" tests="2" skipped="0" failures="0" errors="0" timestamp="2015-08-20T05:49:20" hostname="Drea" time="0.0">
  <properties/>
  <testcase name="Task_instantiatesCorrectly_True" classname="TaskTest" time="0.0"/>
  <testcase name="task_instantiatesWithDescriiption_true" classname="TaskTest" time="0.0"/>
  <system-out><![CDATA[]]></system-out>
  <system-err><![CDATA[]]></system-err>
</testsuite>
